[ 2017-02-16T11:06:21+08:00 ] ::1 /shop/index.php/home/goods/show
ERR: 非法操作:show

[ 2017-02-16T11:07:24+08:00 ] ::1 /shop/index.php/home/goods/show
ERR: 非法操作:show

[ 2017-02-16T11:07:25+08:00 ] ::1 /shop/index.php/home/goods/show
ERR: 非法操作:show

[ 2017-02-16T11:07:25+08:00 ] ::1 /shop/index.php/home/goods/show
ERR: 非法操作:show

[ 2017-02-16T11:07:37+08:00 ] ::1 /shop/index.php/home/goods/%3C?php%20echo%20CSS_URL;%20?%3Estyle.css
ERR: 非法操作:

[ 2017-02-16T11:07:37+08:00 ] ::1 /shop/index.php/home/goods/%3C?php%20echo%20IMG_URL;%20?%3Elogo.gif
ERR: 非法操作:

[ 2017-02-16T11:07:37+08:00 ] ::1 /shop/index.php/home/goods/%3C?php%20echo%20IMG_URL;%20?%3Ebiao6.gif
ERR: 非法操作:

[ 2017-02-16T11:07:38+08:00 ] ::1 /shop/index.php/home/goods/%3C?php%20echo%20IMG_URL;%20?%3Ebiao3.gif
ERR: 非法操作:

[ 2017-02-16T11:07:38+08:00 ] ::1 /shop/index.php/home/goods/%3C?php%20echo%20IMG_URL;%20?%3Ebiao7.gif
ERR: 非法操作:

[ 2017-02-16T11:07:38+08:00 ] ::1 /shop/index.php/home/goods/%3C?php%20echo%20IMG_URL;%20?%3E8_thumb_G_1241425513488.jpg
ERR: 非法操作:

[ 2017-02-16T11:07:38+08:00 ] ::1 /shop/index.php/home/goods/%3C?php%20echo%20IMG_URL;%20?%3E9_thumb_G_1241511871555.jpg
ERR: 非法操作:

[ 2017-02-16T11:07:38+08:00 ] ::1 /shop/index.php/home/goods/%3C?php%20echo%20IMG_URL;%20?%3E17_thumb_G_1241969394587.jpg
ERR: 非法操作:

[ 2017-02-16T11:07:38+08:00 ] ::1 /shop/index.php/home/goods/%3C?php%20echo%20IMG_URL;%20?%3Edisplay_mode_list.gif
ERR: 非法操作:

[ 2017-02-16T11:07:38+08:00 ] ::1 /shop/index.php/home/goods/%3C?php%20echo%20IMG_URL;%20?%3Edisplay_mode_grid_act.gif
ERR: 非法操作:

[ 2017-02-16T11:07:38+08:00 ] ::1 /shop/index.php/home/goods/%3C?php%20echo%20IMG_URL;%20?%3Edisplay_mode_text.gif
ERR: 非法操作:

[ 2017-02-16T11:07:38+08:00 ] ::1 /shop/index.php/home/goods/%3C?php%20echo%20IMG_URL;%20?%3Egoods_id_DESC.gif
ERR: 非法操作:

[ 2017-02-16T11:07:38+08:00 ] ::1 /shop/index.php/home/goods/%3C?php%20echo%20IMG_URL;%20?%3Eshop_price_default.gif
ERR: 非法操作:

[ 2017-02-16T11:07:38+08:00 ] ::1 /shop/index.php/home/goods/%3C?php%20echo%20IMG_URL;%20?%3E32_thumb_G_1242110760196.jpg
ERR: 非法操作:

[ 2017-02-16T11:07:38+08:00 ] ::1 /shop/index.php/home/goods/%3C?php%20echo%20IMG_URL;%20?%3Eshoucang.gif
ERR: 非法操作:

[ 2017-02-16T11:07:38+08:00 ] ::1 /shop/index.php/home/goods/%3C?php%20echo%20IMG_URL;%20?%3Elast_update_default.gif
ERR: 非法操作:

[ 2017-02-16T11:07:38+08:00 ] ::1 /shop/index.php/home/goods/%3C?php%20echo%20IMG_URL;%20?%3Egoumai.gif
ERR: 非法操作:

[ 2017-02-16T11:07:38+08:00 ] ::1 /shop/index.php/home/goods/%3C?php%20echo%20IMG_URL;%20?%3E24_thumb_G_1241971981429.jpg
ERR: 非法操作:

[ 2017-02-16T11:07:38+08:00 ] ::1 /shop/index.php/home/goods/%3C?php%20echo%20IMG_URL;%20?%3E22_thumb_G_1241971076803.jpg
ERR: 非法操作:

[ 2017-02-16T11:07:38+08:00 ] ::1 /shop/index.php/home/goods/%3C?php%20echo%20IMG_URL;%20?%3E21_thumb_G_1242109298150.jpg
ERR: 非法操作:

[ 2017-02-16T11:07:38+08:00 ] ::1 /shop/index.php/home/goods/%3C?php%20echo%20IMG_URL;%20?%3E19_thumb_G_1241970175208.jpg
ERR: 非法操作:

[ 2017-02-16T11:07:38+08:00 ] ::1 /shop/index.php/home/goods/%3C?php%20echo%20IMG_URL;%20?%3E13_thumb_G_1241968002527.jpg
ERR: 非法操作:

[ 2017-02-16T11:07:38+08:00 ] ::1 /shop/index.php/home/goods/%3C?php%20echo%20IMG_URL;%20?%3E12_thumb_G_1241965978410.jpg
ERR: 非法操作:

[ 2017-02-16T11:07:38+08:00 ] ::1 /shop/index.php/home/goods/%3C?php%20echo%20IMG_URL;%20?%3E10_thumb_G_1242973436403.jpg
ERR: 非法操作:

[ 2017-02-16T11:07:38+08:00 ] ::1 /shop/index.php/home/goods/%3C?php%20echo%20IMG_URL;%20?%3Edi.jpg
ERR: 非法操作:

[ 2017-02-16T11:07:38+08:00 ] ::1 /shop/index.php/home/goods/%3C?php%20echo%20IMG_URL;%20?%3Ecategory.htm
ERR: 非法操作:

[ 2017-02-16T11:07:38+08:00 ] ::1 /shop/index.php/home/goods/%3C?php%20echo%20IMG_URL;%20?%3E20_thumb_G_1242106490058.jpg
ERR: 非法操作:

[ 2017-02-16T11:07:38+08:00 ] ::1 /shop/index.php/home/goods/%3C?php%20echo%20IMG_URL;%20?%3Esousuo.gif
ERR: 非法操作:

[ 2017-02-16T11:07:40+08:00 ] ::1 /shop/index.php/home/goods/%3C?php%20echo%20IMG_URL;%20?%3Elogo.gif
ERR: 非法操作:

[ 2017-02-16T11:07:40+08:00 ] ::1 /shop/index.php/home/goods/%3C?php%20echo%20CSS_URL;%20?%3Estyle.css
ERR: 非法操作:

[ 2017-02-16T11:07:40+08:00 ] ::1 /shop/index.php/home/goods/%3C?php%20echo%20IMG_URL;%20?%3Ebiao6.gif
ERR: 非法操作:

[ 2017-02-16T11:07:40+08:00 ] ::1 /shop/index.php/home/goods/%3C?php%20echo%20IMG_URL;%20?%3Ebiao3.gif
ERR: 非法操作:

[ 2017-02-16T11:07:40+08:00 ] ::1 /shop/index.php/home/goods/%3C?php%20echo%20IMG_URL;%20?%3Ebiao7.gif
ERR: 非法操作:

[ 2017-02-16T11:07:40+08:00 ] ::1 /shop/index.php/home/goods/%3C?php%20echo%20IMG_URL;%20?%3E8_thumb_G_1241425513488.jpg
ERR: 非法操作:

[ 2017-02-16T11:07:40+08:00 ] ::1 /shop/index.php/home/goods/%3C?php%20echo%20IMG_URL;%20?%3E9_thumb_G_1241511871555.jpg
ERR: 非法操作:

[ 2017-02-16T11:07:40+08:00 ] ::1 /shop/index.php/home/goods/%3C?php%20echo%20IMG_URL;%20?%3Egoods_id_DESC.gif
ERR: 非法操作:

[ 2017-02-16T11:07:40+08:00 ] ::1 /shop/index.php/home/goods/%3C?php%20echo%20IMG_URL;%20?%3Edisplay_mode_text.gif
ERR: 非法操作:

[ 2017-02-16T11:07:40+08:00 ] ::1 /shop/index.php/home/goods/%3C?php%20echo%20IMG_URL;%20?%3Edisplay_mode_list.gif
ERR: 非法操作:

[ 2017-02-16T11:07:40+08:00 ] ::1 /shop/index.php/home/goods/%3C?php%20echo%20IMG_URL;%20?%3Edisplay_mode_grid_act.gif
ERR: 非法操作:

[ 2017-02-16T11:07:40+08:00 ] ::1 /shop/index.php/home/goods/%3C?php%20echo%20IMG_URL;%20?%3E17_thumb_G_1241969394587.jpg
ERR: 非法操作:

[ 2017-02-16T11:07:40+08:00 ] ::1 /shop/index.php/home/goods/%3C?php%20echo%20IMG_URL;%20?%3Eshop_price_default.gif
ERR: 非法操作:

[ 2017-02-16T11:07:40+08:00 ] ::1 /shop/index.php/home/goods/%3C?php%20echo%20IMG_URL;%20?%3E32_thumb_G_1242110760196.jpg
ERR: 非法操作:

[ 2017-02-16T11:07:40+08:00 ] ::1 /shop/index.php/home/goods/%3C?php%20echo%20IMG_URL;%20?%3Eshoucang.gif
ERR: 非法操作:

[ 2017-02-16T11:07:40+08:00 ] ::1 /shop/index.php/home/goods/%3C?php%20echo%20IMG_URL;%20?%3Egoumai.gif
ERR: 非法操作:

[ 2017-02-16T11:07:40+08:00 ] ::1 /shop/index.php/home/goods/%3C?php%20echo%20IMG_URL;%20?%3Elast_update_default.gif
ERR: 非法操作:

[ 2017-02-16T11:07:40+08:00 ] ::1 /shop/index.php/home/goods/%3C?php%20echo%20IMG_URL;%20?%3E24_thumb_G_1241971981429.jpg
ERR: 非法操作:

[ 2017-02-16T11:07:40+08:00 ] ::1 /shop/index.php/home/goods/%3C?php%20echo%20IMG_URL;%20?%3E21_thumb_G_1242109298150.jpg
ERR: 非法操作:

[ 2017-02-16T11:07:40+08:00 ] ::1 /shop/index.php/home/goods/%3C?php%20echo%20IMG_URL;%20?%3E20_thumb_G_1242106490058.jpg
ERR: 非法操作:

[ 2017-02-16T11:07:40+08:00 ] ::1 /shop/index.php/home/goods/%3C?php%20echo%20IMG_URL;%20?%3Esousuo.gif
ERR: 非法操作:

[ 2017-02-16T11:07:40+08:00 ] ::1 /shop/index.php/home/goods/%3C?php%20echo%20IMG_URL;%20?%3E19_thumb_G_1241970175208.jpg
ERR: 非法操作:

[ 2017-02-16T11:07:40+08:00 ] ::1 /shop/index.php/home/goods/%3C?php%20echo%20IMG_URL;%20?%3E13_thumb_G_1241968002527.jpg
ERR: 非法操作:

[ 2017-02-16T11:07:40+08:00 ] ::1 /shop/index.php/home/goods/%3C?php%20echo%20IMG_URL;%20?%3E12_thumb_G_1241965978410.jpg
ERR: 非法操作:

[ 2017-02-16T11:07:40+08:00 ] ::1 /shop/index.php/home/goods/%3C?php%20echo%20IMG_URL;%20?%3E10_thumb_G_1242973436403.jpg
ERR: 非法操作:

[ 2017-02-16T11:07:40+08:00 ] ::1 /shop/index.php/home/goods/%3C?php%20echo%20IMG_URL;%20?%3Edi.jpg
ERR: 非法操作:

[ 2017-02-16T11:07:40+08:00 ] ::1 /shop/index.php/home/goods/%3C?php%20echo%20IMG_URL;%20?%3E22_thumb_G_1241971076803.jpg
ERR: 非法操作:

[ 2017-02-16T11:07:40+08:00 ] ::1 /shop/index.php/home/goods/%3C?php%20echo%20IMG_URL;%20?%3Ecategory.htm
ERR: 非法操作:

